<?xml version="1.0" encoding="UTF-8"?>
<testsuite name="Cucumber" time="0.331" tests="9" skipped="0" failures="0" errors="0">
<testcase classname="User Login" name="Login with invalid credentials" time="0.039">
<system-out><![CDATA[
Given User navigates to login page..........................................passed
When User enters invalid email address "bokde.leelesh1234@gmail.com"........passed
And User enters invalid password "123456"...................................passed
And User clicks on login button.............................................passed
Then User should get a proper warning message...............................passed
]]></system-out>
</testcase>
<testcase classname="User Login" name="Login with valid email and invalid password" time="0.008">
<system-out><![CDATA[
Given User navigates to login page..........................................passed
When User enters invalid email address "bokde.leelesh4@gmail.com"...........passed
And User enters invalid password "123456"...................................passed
And User clicks on login button.............................................passed
Then User should get a proper warning message...............................passed
]]></system-out>
</testcase>
<testcase classname="User registration" name="Register an account with only mandatory fields" time="0.011">
<system-out><![CDATA[
Given User navigates to register account page...............................passed
When User enters first name "Leelesh" in first name field...................passed
And enters last name "Bokde" in the last name field.........................passed
And enters email address "bokde.leelesh411@gmail.com" in the email address field.passed
And enters telephone no. "1234567890" in the telephone field................passed
And enters password "12345" in the password field...........................passed
And enters password "12345" in the confirm password field...................passed
And clicks on privacy policy checkbox.......................................passed
And clicks on continue button...............................................passed
Then User get successfully registered.......................................passed
]]></system-out>
</testcase>
<testcase classname="User registration" name="Register an account by providing all fields" time="0.009">
<system-out><![CDATA[
Given User navigates to register account page...............................passed
When User enters first name "Leelesh" in first name field...................passed
And enters last name "Bokde" in the last name field.........................passed
And enters email address "bokde.leelesh412@gmail.com" in the email address field.passed
And enters telephone no. "1234567890" in the telephone field................passed
And enters password "12345" in the password field...........................passed
And enters password "12345" in the confirm password field...................passed
And selects yes option from newsletter radio button.........................passed
And clicks on privacy policy checkbox.......................................passed
And clicks on continue button...............................................passed
Then User get successfully registered.......................................passed
]]></system-out>
</testcase>
<testcase classname="User registration" name="Register an account without providing any fields" time="0.003">
<system-out><![CDATA[
Given User navigates to register account page...............................passed
When User has not enters any field..........................................passed
And clicks on continue button...............................................passed
Then User gets warning messages for all mandatory fields....................passed
]]></system-out>
</testcase>
<testcase classname="User registration" name="Register an account by providing duplicate email address" time="0.005">
<system-out><![CDATA[
Given User navigates to register account page...............................passed
When User enters first name "Leelesh" in first name field...................passed
And enters last name "Bokde" in the last name field.........................passed
And enters email address "bokde.leelesh4@gmail.com" in the email address field.passed
And enters telephone no. "1234567890" in the telephone field................passed
And enters password "12345" in the password field...........................passed
And enters password "12345" in the confirm password field...................passed
And clicks on privacy policy checkbox.......................................passed
And clicks on continue button...............................................passed
Then User gets warning message as duplicate email address...................passed
]]></system-out>
</testcase>
<testcase classname="Search" name="Search for a valid product" time="0.007">
<system-out><![CDATA[
Given User opens an application.............................................passed
When user enters a valid product name in the search field...................passed
And clicks on search button.................................................passed
Then valid product should be displayed......................................passed
]]></system-out>
</testcase>
<testcase classname="Search" name="Search for an invalid product" time="0.005">
<system-out><![CDATA[
Given User opens an application.............................................passed
When user enters an invalid product name in the search field................passed
And clicks on search button.................................................passed
Then User gets text message about there is no product that matches the search criteria.passed
]]></system-out>
</testcase>
<testcase classname="Search" name="Search without entering product name" time="0.005">
<system-out><![CDATA[
Given User opens an application.............................................passed
When user do not enter any product name in the search field.................passed
And clicks on search button.................................................passed
Then User gets text message about there is no product that matches the search criteria.passed
]]></system-out>
</testcase>
</testsuite>
